[debug] [2020-03-11T07:34:58.422Z] ----------------------------------------------------------------------
[debug] [2020-03-11T07:34:58.426Z] Command:       C:\Program Files\nodejs\node.exe C:\Users\AtomYah\AppData\Roaming\npm\node_modules\firebase-tools\lib\bin\firebase.js serve
[debug] [2020-03-11T07:34:58.426Z] CLI Version:   7.14.0
[debug] [2020-03-11T07:34:58.426Z] Platform:      win32
[debug] [2020-03-11T07:34:58.426Z] Node Version:  v12.16.1
[debug] [2020-03-11T07:34:58.435Z] Time:          Wed Mar 11 2020 16:34:58 GMT+0900 (GMT+09:00)
[debug] [2020-03-11T07:34:58.435Z] ----------------------------------------------------------------------
[debug] [2020-03-11T07:34:58.435Z] 
[debug] [2020-03-11T07:34:58.473Z] > command requires scopes: ["email","openid","https://www.googleapis.com/auth/cloudplatformprojects.readonly","https://www.googleapis.com/auth/firebase","https://www.googleapis.com/auth/cloud-platform"]
[debug] [2020-03-11T07:34:58.475Z] > authorizing via signed-in user
[debug] [2020-03-11T07:34:58.475Z] [iam] checking project bij-project for permissions ["firebase.projects.get"]
[debug] [2020-03-11T07:34:58.479Z] > refreshing access token with scopes: ["email","https://www.googleapis.com/auth/cloud-platform","https://www.googleapis.com/auth/cloudplatformprojects.readonly","https://www.googleapis.com/auth/firebase","openid"]
[debug] [2020-03-11T07:34:58.479Z] >>> HTTP REQUEST POST https://www.googleapis.com/oauth2/v3/token  
 <request body omitted>
[debug] [2020-03-11T07:34:58.744Z] <<< HTTP RESPONSE 200
[debug] [2020-03-11T07:34:58.761Z] >>> HTTP REQUEST POST https://cloudresourcemanager.googleapis.com/v1/projects/bij-project:testIamPermissions  

[debug] [2020-03-11T07:34:59.565Z] <<< HTTP RESPONSE 200
[debug] [2020-03-11T07:34:59.567Z] >>> HTTP REQUEST GET https://firebase.googleapis.com/v1beta1/projects/bij-project  
 
[debug] [2020-03-11T07:35:00.050Z] <<< HTTP RESPONSE 200
[info] 
[info] === Serving from 'C:\Users\AtomYah\Documents\Git\Angular_Projects\benzoinfojapan'...
[info] 
[debug] [2020-03-11T07:35:00.069Z] >>> HTTP REQUEST GET https://firebase.googleapis.com/v1beta1/projects/bij-project/webApps/-/config  
 
[warn] !  Your requested "node" version "8" doesn't match your global version "12"
[info] +  functions: functions emulator started at http://localhost:5001
[debug] [2020-03-11T07:35:01.316Z] <<< HTTP RESPONSE 200
[info] i  functions: Watching "C:\Users\AtomYah\Documents\Git\Angular_Projects\benzoinfojapan\functions" for Cloud Functions...
[debug] [2020-03-11T07:35:01.549Z] [worker-pool] addWorker(~diagnostic~)
[debug] [2020-03-11T07:35:01.549Z] [worker-pool] Adding worker with key ~diagnostic~, total=1
[debug] [2020-03-11T07:35:01.550Z] [worker-pool] submitWork(triggerId=)
[debug] [2020-03-11T07:35:01.550Z] [worker-~diagnostic~-5e123127-f9e9-4623-9a86-558195520670]: Assigning socketPath: \\?\pipe\C:\Users\AtomYah\Documents\Git\Angular_Projects\benzoinfojapan\functions\15180
[debug] [2020-03-11T07:35:01.551Z] [worker-~diagnostic~-5e123127-f9e9-4623-9a86-558195520670]: BUSY
[info] i  hosting: Serving hosting files from: dist/browser
[info] +  hosting: Local server: http://localhost:5000
[debug] [2020-03-11T07:35:02.870Z] [runtime-status] [15180] Functions runtime initialized. {"cwd":"C:\\Users\\AtomYah\\Documents\\Git\\Angular_Projects\\benzoinfojapan\\functions","node_version":"12.16.1"}
[debug] [2020-03-11T07:35:02.871Z] [runtime-status] [15180] Disabled runtime features: {"functions_config_helper":true,"network_filtering":true,"timeout":true,"memory_limiting":true,"admin_stubs":true,"pubsub_emulator":true}
[debug] [2020-03-11T07:35:02.880Z] [runtime-status] [15180] Resolved module firebase-admin {"declared":true,"installed":true,"version":"8.9.0","resolution":"C:\\Users\\AtomYah\\Documents\\Git\\Angular_Projects\\benzoinfojapan\\functions\\node_modules\\firebase-admin\\lib\\index.js"}
[debug] [2020-03-11T07:35:02.887Z] [runtime-status] [15180] Resolved module firebase-functions {"declared":true,"installed":true,"version":"3.3.0","resolution":"C:\\Users\\AtomYah\\Documents\\Git\\Angular_Projects\\benzoinfojapan\\functions\\node_modules\\firebase-functions\\lib\\index.js"}
[debug] [2020-03-11T07:35:02.889Z] [runtime-status] [15180] Resolved module firebase-functions {"declared":true,"installed":true,"version":"3.3.0","resolution":"C:\\Users\\AtomYah\\Documents\\Git\\Angular_Projects\\benzoinfojapan\\functions\\node_modules\\firebase-functions\\lib\\index.js"}
[warn] !  Error: Failed to load gRPC binary module because it was not installed for the current system
Expected directory: node-v72-win32-x64-unknown
Found: [node-v64-win32-x64-unknown]
This problem can often be fixed by running "npm rebuild" on the current system
Original error: Cannot find module 'C:\Users\AtomYah\Documents\Git\Angular_Projects\benzoinfojapan\functions\node_modules\grpc\src\node\extension_binary\node-v72-win32-x64-unknown\grpc_node.node'
Require stack:
- C:\Users\AtomYah\Documents\Git\Angular_Projects\benzoinfojapan\functions\node_modules\grpc\src\grpc_extension.js
- C:\Users\AtomYah\Documents\Git\Angular_Projects\benzoinfojapan\functions\node_modules\grpc\src\client_interceptors.js
- C:\Users\AtomYah\Documents\Git\Angular_Projects\benzoinfojapan\functions\node_modules\grpc\src\client.js
- C:\Users\AtomYah\Documents\Git\Angular_Projects\benzoinfojapan\functions\node_modules\grpc\index.js
- C:\Users\AtomYah\Documents\Git\Angular_Projects\benzoinfojapan\functions\node_modules\@firebase\firestore\dist\index.node.cjs.js
- C:\Users\AtomYah\Documents\Git\Angular_Projects\benzoinfojapan\functions\node_modules\firebase\firestore\dist\index.cjs.js
- C:\Users\AtomYah\Documents\Git\Angular_Projects\benzoinfojapan\functions\dist\server.js
- C:\Users\AtomYah\Documents\Git\Angular_Projects\benzoinfojapan\functions\lib\index.js
- C:\Users\AtomYah\AppData\Roaming\npm\node_modules\firebase-tools\lib\emulator\functionsEmulatorRuntime.js
    at Object.<anonymous> (C:\Users\AtomYah\Documents\Git\Angular_Projects\benzoinfojapan\functions\node_modules\grpc\src\grpc_extension.js:53:17)
    at Module._compile (internal/modules/cjs/loader.js:1158:30)
    at Object.Module._extensions..js (internal/modules/cjs/loader.js:1178:10)
    at Module.load (internal/modules/cjs/loader.js:1002:32)
    at Function.Module._load (internal/modules/cjs/loader.js:901:14)
    at Module.require (internal/modules/cjs/loader.js:1044:19)
    at require (internal/modules/cjs/helpers.js:77:18)
    at Object.<anonymous> (C:\Users\AtomYah\Documents\Git\Angular_Projects\benzoinfojapan\functions\node_modules\grpc\src\client_interceptors.js:144:12)
    at Module._compile (internal/modules/cjs/loader.js:1158:30)
    at Object.Module._extensions..js (internal/modules/cjs/loader.js:1178:10)
[warn] !  We were unable to load your functions code. (see above)
   - It appears your code is written in Typescript, which must be compiled before emulation.
   - You may be able to run "npm run build" in your functions directory to resolve this.
[debug] [2020-03-11T07:35:05.670Z] [worker-~diagnostic~-5e123127-f9e9-4623-9a86-558195520670]: exited
[debug] [2020-03-11T07:35:05.671Z] [worker-~diagnostic~-5e123127-f9e9-4623-9a86-558195520670]: FINISHED
[info] [hosting] Rewriting / to http://localhost:5001/bij-project/us-central1/ssr for local Function ssr
[debug] [2020-03-11T07:35:24.009Z] [work-queue] {"queueLength":1,"workRunningCount":0}
[debug] [2020-03-11T07:35:24.010Z] [work-queue] {"queueLength":0,"workRunningCount":1}
[debug] [2020-03-11T07:35:24.010Z] Accepted request GET /bij-project/us-central1/ssr/ --> ssr
[debug] [2020-03-11T07:35:24.010Z] [worker-pool] Cleaned up workers for ~diagnostic~: 1 --> 0
[debug] [2020-03-11T07:35:24.023Z] [worker-pool] addWorker(ssr)
[debug] [2020-03-11T07:35:24.024Z] [worker-pool] Adding worker with key ssr, total=1
[debug] [2020-03-11T07:35:24.024Z] [worker-pool] submitWork(triggerId=ssr)
[debug] [2020-03-11T07:35:24.024Z] [worker-ssr-0750db80-3590-4159-9a2b-dc106d24e80a]: Assigning socketPath: \\?\pipe\C:\Users\AtomYah\Documents\Git\Angular_Projects\benzoinfojapan\functions\14288
[debug] [2020-03-11T07:35:24.024Z] [worker-ssr-0750db80-3590-4159-9a2b-dc106d24e80a]: BUSY
[debug] [2020-03-11T07:35:25.034Z] [runtime-status] [14288] Functions runtime initialized. {"cwd":"C:\\Users\\AtomYah\\Documents\\Git\\Angular_Projects\\benzoinfojapan\\functions","node_version":"12.16.1"}
[debug] [2020-03-11T07:35:25.036Z] [runtime-status] [14288] Disabled runtime features: {"functions_config_helper":true,"network_filtering":true,"timeout":true,"memory_limiting":true,"admin_stubs":true,"pubsub_emulator":true}
[debug] [2020-03-11T07:35:25.044Z] [runtime-status] [14288] Resolved module firebase-admin {"declared":true,"installed":true,"version":"8.9.0","resolution":"C:\\Users\\AtomYah\\Documents\\Git\\Angular_Projects\\benzoinfojapan\\functions\\node_modules\\firebase-admin\\lib\\index.js"}
[debug] [2020-03-11T07:35:25.051Z] [runtime-status] [14288] Resolved module firebase-functions {"declared":true,"installed":true,"version":"3.3.0","resolution":"C:\\Users\\AtomYah\\Documents\\Git\\Angular_Projects\\benzoinfojapan\\functions\\node_modules\\firebase-functions\\lib\\index.js"}
[debug] [2020-03-11T07:35:25.053Z] [runtime-status] [14288] Resolved module firebase-functions {"declared":true,"installed":true,"version":"3.3.0","resolution":"C:\\Users\\AtomYah\\Documents\\Git\\Angular_Projects\\benzoinfojapan\\functions\\node_modules\\firebase-functions\\lib\\index.js"}
[warn] !  Error: Failed to load gRPC binary module because it was not installed for the current system
Expected directory: node-v72-win32-x64-unknown
Found: [node-v64-win32-x64-unknown]
This problem can often be fixed by running "npm rebuild" on the current system
Original error: Cannot find module 'C:\Users\AtomYah\Documents\Git\Angular_Projects\benzoinfojapan\functions\node_modules\grpc\src\node\extension_binary\node-v72-win32-x64-unknown\grpc_node.node'
Require stack:
- C:\Users\AtomYah\Documents\Git\Angular_Projects\benzoinfojapan\functions\node_modules\grpc\src\grpc_extension.js
- C:\Users\AtomYah\Documents\Git\Angular_Projects\benzoinfojapan\functions\node_modules\grpc\src\client_interceptors.js
- C:\Users\AtomYah\Documents\Git\Angular_Projects\benzoinfojapan\functions\node_modules\grpc\src\client.js
- C:\Users\AtomYah\Documents\Git\Angular_Projects\benzoinfojapan\functions\node_modules\grpc\index.js
- C:\Users\AtomYah\Documents\Git\Angular_Projects\benzoinfojapan\functions\node_modules\@firebase\firestore\dist\index.node.cjs.js
- C:\Users\AtomYah\Documents\Git\Angular_Projects\benzoinfojapan\functions\node_modules\firebase\firestore\dist\index.cjs.js
- C:\Users\AtomYah\Documents\Git\Angular_Projects\benzoinfojapan\functions\dist\server.js
- C:\Users\AtomYah\Documents\Git\Angular_Projects\benzoinfojapan\functions\lib\index.js
- C:\Users\AtomYah\AppData\Roaming\npm\node_modules\firebase-tools\lib\emulator\functionsEmulatorRuntime.js
    at Object.<anonymous> (C:\Users\AtomYah\Documents\Git\Angular_Projects\benzoinfojapan\functions\node_modules\grpc\src\grpc_extension.js:53:17)
    at Module._compile (internal/modules/cjs/loader.js:1158:30)
    at Object.Module._extensions..js (internal/modules/cjs/loader.js:1178:10)
    at Module.load (internal/modules/cjs/loader.js:1002:32)
    at Function.Module._load (internal/modules/cjs/loader.js:901:14)
    at Module.require (internal/modules/cjs/loader.js:1044:19)
    at require (internal/modules/cjs/helpers.js:77:18)
    at Object.<anonymous> (C:\Users\AtomYah\Documents\Git\Angular_Projects\benzoinfojapan\functions\node_modules\grpc\src\client_interceptors.js:144:12)
    at Module._compile (internal/modules/cjs/loader.js:1158:30)
    at Object.Module._extensions..js (internal/modules/cjs/loader.js:1178:10)
[warn] !  We were unable to load your functions code. (see above)
   - It appears your code is written in Typescript, which must be compiled before emulation.
   - You may be able to run "npm run build" in your functions directory to resolve this.
[debug] [2020-03-11T07:35:25.870Z] [worker-ssr-0750db80-3590-4159-9a2b-dc106d24e80a]: exited
[debug] [2020-03-11T07:35:25.871Z] [worker-ssr-0750db80-3590-4159-9a2b-dc106d24e80a]: FINISHED
[debug] [2020-03-11T07:36:25.341Z] ----------------------------------------------------------------------
[debug] [2020-03-11T07:36:25.345Z] Command:       C:\Program Files\nodejs\node.exe C:\Users\AtomYah\AppData\Roaming\npm\node_modules\firebase-tools\lib\bin\firebase.js serve
[debug] [2020-03-11T07:36:25.345Z] CLI Version:   7.14.0
[debug] [2020-03-11T07:36:25.345Z] Platform:      win32
[debug] [2020-03-11T07:36:25.346Z] Node Version:  v12.16.1
[debug] [2020-03-11T07:36:25.350Z] Time:          Wed Mar 11 2020 16:36:25 GMT+0900 (GMT+09:00)
[debug] [2020-03-11T07:36:25.350Z] ----------------------------------------------------------------------
[debug] [2020-03-11T07:36:25.350Z] 
[debug] [2020-03-11T07:36:25.368Z] > command requires scopes: ["email","openid","https://www.googleapis.com/auth/cloudplatformprojects.readonly","https://www.googleapis.com/auth/firebase","https://www.googleapis.com/auth/cloud-platform"]
[debug] [2020-03-11T07:36:25.370Z] > authorizing via signed-in user
[debug] [2020-03-11T07:36:25.370Z] [iam] checking project bij-project for permissions ["firebase.projects.get"]
[debug] [2020-03-11T07:36:25.374Z] >>> HTTP REQUEST POST https://cloudresourcemanager.googleapis.com/v1/projects/bij-project:testIamPermissions  

[debug] [2020-03-11T07:36:26.183Z] <<< HTTP RESPONSE 200
[debug] [2020-03-11T07:36:26.185Z] >>> HTTP REQUEST GET https://firebase.googleapis.com/v1beta1/projects/bij-project  
 
[debug] [2020-03-11T07:36:26.870Z] <<< HTTP RESPONSE 200
[info] 
[info] === Serving from 'C:\Users\AtomYah\Documents\Git\Angular_Projects\benzoinfojapan'...
[info] 
[debug] [2020-03-11T07:36:26.883Z] >>> HTTP REQUEST GET https://firebase.googleapis.com/v1beta1/projects/bij-project/webApps/-/config  
 
[warn] !  Your requested "node" version "8" doesn't match your global version "12"
[info] +  functions: functions emulator started at http://localhost:5001
[debug] [2020-03-11T07:36:28.149Z] <<< HTTP RESPONSE 200
[info] i  functions: Watching "C:\Users\AtomYah\Documents\Git\Angular_Projects\benzoinfojapan\functions" for Cloud Functions...
[debug] [2020-03-11T07:36:28.216Z] [worker-pool] addWorker(~diagnostic~)
[debug] [2020-03-11T07:36:28.216Z] [worker-pool] Adding worker with key ~diagnostic~, total=1
[debug] [2020-03-11T07:36:28.216Z] [worker-pool] submitWork(triggerId=)
[debug] [2020-03-11T07:36:28.216Z] [worker-~diagnostic~-b66f5952-6dce-4244-b1f2-93495f14271b]: Assigning socketPath: \\?\pipe\C:\Users\AtomYah\Documents\Git\Angular_Projects\benzoinfojapan\functions\14284
[debug] [2020-03-11T07:36:28.217Z] [worker-~diagnostic~-b66f5952-6dce-4244-b1f2-93495f14271b]: BUSY
[info] i  hosting: Serving hosting files from: dist/browser
[info] +  hosting: Local server: http://localhost:5000
[debug] [2020-03-11T07:36:29.439Z] [runtime-status] [14284] Functions runtime initialized. {"cwd":"C:\\Users\\AtomYah\\Documents\\Git\\Angular_Projects\\benzoinfojapan\\functions","node_version":"12.16.1"}
[debug] [2020-03-11T07:36:29.440Z] [runtime-status] [14284] Disabled runtime features: {"functions_config_helper":true,"network_filtering":true,"timeout":true,"memory_limiting":true,"admin_stubs":true,"pubsub_emulator":true}
[debug] [2020-03-11T07:36:29.448Z] [runtime-status] [14284] Resolved module firebase-admin {"declared":true,"installed":true,"version":"8.9.0","resolution":"C:\\Users\\AtomYah\\Documents\\Git\\Angular_Projects\\benzoinfojapan\\functions\\node_modules\\firebase-admin\\lib\\index.js"}
[debug] [2020-03-11T07:36:29.453Z] [runtime-status] [14284] Resolved module firebase-functions {"declared":true,"installed":true,"version":"3.3.0","resolution":"C:\\Users\\AtomYah\\Documents\\Git\\Angular_Projects\\benzoinfojapan\\functions\\node_modules\\firebase-functions\\lib\\index.js"}
[debug] [2020-03-11T07:36:29.455Z] [runtime-status] [14284] Resolved module firebase-functions {"declared":true,"installed":true,"version":"3.3.0","resolution":"C:\\Users\\AtomYah\\Documents\\Git\\Angular_Projects\\benzoinfojapan\\functions\\node_modules\\firebase-functions\\lib\\index.js"}
[warn] !  Error: Failed to load gRPC binary module because it was not installed for the current system
Expected directory: node-v72-win32-x64-unknown
Found: [node-v64-win32-x64-unknown]
This problem can often be fixed by running "npm rebuild" on the current system
Original error: Cannot find module 'C:\Users\AtomYah\Documents\Git\Angular_Projects\benzoinfojapan\functions\node_modules\grpc\src\node\extension_binary\node-v72-win32-x64-unknown\grpc_node.node'
Require stack:
- C:\Users\AtomYah\Documents\Git\Angular_Projects\benzoinfojapan\functions\node_modules\grpc\src\grpc_extension.js
- C:\Users\AtomYah\Documents\Git\Angular_Projects\benzoinfojapan\functions\node_modules\grpc\src\client_interceptors.js
- C:\Users\AtomYah\Documents\Git\Angular_Projects\benzoinfojapan\functions\node_modules\grpc\src\client.js
- C:\Users\AtomYah\Documents\Git\Angular_Projects\benzoinfojapan\functions\node_modules\grpc\index.js
- C:\Users\AtomYah\Documents\Git\Angular_Projects\benzoinfojapan\functions\node_modules\@firebase\firestore\dist\index.node.cjs.js
- C:\Users\AtomYah\Documents\Git\Angular_Projects\benzoinfojapan\functions\node_modules\firebase\firestore\dist\index.cjs.js
- C:\Users\AtomYah\Documents\Git\Angular_Projects\benzoinfojapan\functions\dist\server.js
- C:\Users\AtomYah\Documents\Git\Angular_Projects\benzoinfojapan\functions\lib\index.js
- C:\Users\AtomYah\AppData\Roaming\npm\node_modules\firebase-tools\lib\emulator\functionsEmulatorRuntime.js
    at Object.<anonymous> (C:\Users\AtomYah\Documents\Git\Angular_Projects\benzoinfojapan\functions\node_modules\grpc\src\grpc_extension.js:53:17)
    at Module._compile (internal/modules/cjs/loader.js:1158:30)
    at Object.Module._extensions..js (internal/modules/cjs/loader.js:1178:10)
    at Module.load (internal/modules/cjs/loader.js:1002:32)
    at Function.Module._load (internal/modules/cjs/loader.js:901:14)
    at Module.require (internal/modules/cjs/loader.js:1044:19)
    at require (internal/modules/cjs/helpers.js:77:18)
    at Object.<anonymous> (C:\Users\AtomYah\Documents\Git\Angular_Projects\benzoinfojapan\functions\node_modules\grpc\src\client_interceptors.js:144:12)
    at Module._compile (internal/modules/cjs/loader.js:1158:30)
    at Object.Module._extensions..js (internal/modules/cjs/loader.js:1178:10)
[warn] !  We were unable to load your functions code. (see above)
   - It appears your code is written in Typescript, which must be compiled before emulation.
   - You may be able to run "npm run build" in your functions directory to resolve this.
[debug] [2020-03-11T07:36:30.241Z] [worker-~diagnostic~-b66f5952-6dce-4244-b1f2-93495f14271b]: exited
[debug] [2020-03-11T07:36:30.241Z] [worker-~diagnostic~-b66f5952-6dce-4244-b1f2-93495f14271b]: FINISHED
[info] [hosting] Rewriting / to http://localhost:5001/bij-project/us-central1/ssr for local Function ssr
[debug] [2020-03-11T07:36:35.519Z] [work-queue] {"queueLength":1,"workRunningCount":0}
[debug] [2020-03-11T07:36:35.519Z] [work-queue] {"queueLength":0,"workRunningCount":1}
[debug] [2020-03-11T07:36:35.520Z] Accepted request GET /bij-project/us-central1/ssr/ --> ssr
[debug] [2020-03-11T07:36:35.520Z] [worker-pool] Cleaned up workers for ~diagnostic~: 1 --> 0
[debug] [2020-03-11T07:36:35.529Z] [worker-pool] addWorker(ssr)
[debug] [2020-03-11T07:36:35.529Z] [worker-pool] Adding worker with key ssr, total=1
[debug] [2020-03-11T07:36:35.529Z] [worker-pool] submitWork(triggerId=ssr)
[debug] [2020-03-11T07:36:35.529Z] [worker-ssr-1a3c73ed-1e72-478f-9213-3df272cf4472]: Assigning socketPath: \\?\pipe\C:\Users\AtomYah\Documents\Git\Angular_Projects\benzoinfojapan\functions\5832
[debug] [2020-03-11T07:36:35.529Z] [worker-ssr-1a3c73ed-1e72-478f-9213-3df272cf4472]: BUSY
[debug] [2020-03-11T07:36:36.503Z] [runtime-status] [5832] Functions runtime initialized. {"cwd":"C:\\Users\\AtomYah\\Documents\\Git\\Angular_Projects\\benzoinfojapan\\functions","node_version":"12.16.1"}
[debug] [2020-03-11T07:36:36.505Z] [runtime-status] [5832] Disabled runtime features: {"functions_config_helper":true,"network_filtering":true,"timeout":true,"memory_limiting":true,"admin_stubs":true,"pubsub_emulator":true}
[debug] [2020-03-11T07:36:36.514Z] [runtime-status] [5832] Resolved module firebase-admin {"declared":true,"installed":true,"version":"8.9.0","resolution":"C:\\Users\\AtomYah\\Documents\\Git\\Angular_Projects\\benzoinfojapan\\functions\\node_modules\\firebase-admin\\lib\\index.js"}
[debug] [2020-03-11T07:36:36.519Z] [runtime-status] [5832] Resolved module firebase-functions {"declared":true,"installed":true,"version":"3.3.0","resolution":"C:\\Users\\AtomYah\\Documents\\Git\\Angular_Projects\\benzoinfojapan\\functions\\node_modules\\firebase-functions\\lib\\index.js"}
[debug] [2020-03-11T07:36:36.522Z] [runtime-status] [5832] Resolved module firebase-functions {"declared":true,"installed":true,"version":"3.3.0","resolution":"C:\\Users\\AtomYah\\Documents\\Git\\Angular_Projects\\benzoinfojapan\\functions\\node_modules\\firebase-functions\\lib\\index.js"}
[warn] !  Error: Failed to load gRPC binary module because it was not installed for the current system
Expected directory: node-v72-win32-x64-unknown
Found: [node-v64-win32-x64-unknown]
This problem can often be fixed by running "npm rebuild" on the current system
Original error: Cannot find module 'C:\Users\AtomYah\Documents\Git\Angular_Projects\benzoinfojapan\functions\node_modules\grpc\src\node\extension_binary\node-v72-win32-x64-unknown\grpc_node.node'
Require stack:
- C:\Users\AtomYah\Documents\Git\Angular_Projects\benzoinfojapan\functions\node_modules\grpc\src\grpc_extension.js
- C:\Users\AtomYah\Documents\Git\Angular_Projects\benzoinfojapan\functions\node_modules\grpc\src\client_interceptors.js
- C:\Users\AtomYah\Documents\Git\Angular_Projects\benzoinfojapan\functions\node_modules\grpc\src\client.js
- C:\Users\AtomYah\Documents\Git\Angular_Projects\benzoinfojapan\functions\node_modules\grpc\index.js
- C:\Users\AtomYah\Documents\Git\Angular_Projects\benzoinfojapan\functions\node_modules\@firebase\firestore\dist\index.node.cjs.js
- C:\Users\AtomYah\Documents\Git\Angular_Projects\benzoinfojapan\functions\node_modules\firebase\firestore\dist\index.cjs.js
- C:\Users\AtomYah\Documents\Git\Angular_Projects\benzoinfojapan\functions\dist\server.js
- C:\Users\AtomYah\Documents\Git\Angular_Projects\benzoinfojapan\functions\lib\index.js
- C:\Users\AtomYah\AppData\Roaming\npm\node_modules\firebase-tools\lib\emulator\functionsEmulatorRuntime.js
    at Object.<anonymous> (C:\Users\AtomYah\Documents\Git\Angular_Projects\benzoinfojapan\functions\node_modules\grpc\src\grpc_extension.js:53:17)
    at Module._compile (internal/modules/cjs/loader.js:1158:30)
    at Object.Module._extensions..js (internal/modules/cjs/loader.js:1178:10)
    at Module.load (internal/modules/cjs/loader.js:1002:32)
    at Function.Module._load (internal/modules/cjs/loader.js:901:14)
    at Module.require (internal/modules/cjs/loader.js:1044:19)
    at require (internal/modules/cjs/helpers.js:77:18)
    at Object.<anonymous> (C:\Users\AtomYah\Documents\Git\Angular_Projects\benzoinfojapan\functions\node_modules\grpc\src\client_interceptors.js:144:12)
    at Module._compile (internal/modules/cjs/loader.js:1158:30)
    at Object.Module._extensions..js (internal/modules/cjs/loader.js:1178:10)
[warn] !  We were unable to load your functions code. (see above)
   - It appears your code is written in Typescript, which must be compiled before emulation.
   - You may be able to run "npm run build" in your functions directory to resolve this.
[debug] [2020-03-11T07:36:37.345Z] [worker-ssr-1a3c73ed-1e72-478f-9213-3df272cf4472]: exited
[debug] [2020-03-11T07:36:37.345Z] [worker-ssr-1a3c73ed-1e72-478f-9213-3df272cf4472]: FINISHED
[debug] [2020-03-11T07:57:15.271Z] ----------------------------------------------------------------------
[debug] [2020-03-11T07:57:15.275Z] Command:       C:\Program Files\nodejs\node.exe C:\Users\AtomYah\AppData\Roaming\npm\node_modules\firebase-tools\lib\bin\firebase.js serve
[debug] [2020-03-11T07:57:15.275Z] CLI Version:   7.14.0
[debug] [2020-03-11T07:57:15.275Z] Platform:      win32
[debug] [2020-03-11T07:57:15.275Z] Node Version:  v12.16.1
[debug] [2020-03-11T07:57:15.280Z] Time:          Wed Mar 11 2020 16:57:15 GMT+0900 (GMT+09:00)
[debug] [2020-03-11T07:57:15.280Z] ----------------------------------------------------------------------
[debug] [2020-03-11T07:57:15.280Z] 
[debug] [2020-03-11T07:57:15.298Z] > command requires scopes: ["email","openid","https://www.googleapis.com/auth/cloudplatformprojects.readonly","https://www.googleapis.com/auth/firebase","https://www.googleapis.com/auth/cloud-platform"]
[debug] [2020-03-11T07:57:15.300Z] > authorizing via signed-in user
[debug] [2020-03-11T07:57:15.300Z] [iam] checking project bij-project for permissions ["firebase.projects.get"]
[debug] [2020-03-11T07:57:15.304Z] >>> HTTP REQUEST POST https://cloudresourcemanager.googleapis.com/v1/projects/bij-project:testIamPermissions  

[debug] [2020-03-11T07:57:16.144Z] <<< HTTP RESPONSE 200
[debug] [2020-03-11T07:57:16.147Z] >>> HTTP REQUEST GET https://firebase.googleapis.com/v1beta1/projects/bij-project  
 
[debug] [2020-03-11T07:57:16.608Z] <<< HTTP RESPONSE 200
[info] 
[info] === Serving from 'C:\Users\AtomYah\Documents\Git\Angular_Projects\benzoinfojapan'...
[info] 
[debug] [2020-03-11T07:57:16.620Z] >>> HTTP REQUEST GET https://firebase.googleapis.com/v1beta1/projects/bij-project/webApps/-/config  
 
[warn] !  Your requested "node" version "8" doesn't match your global version "12"
[info] +  functions: functions emulator started at http://localhost:5001
[debug] [2020-03-11T07:57:17.993Z] <<< HTTP RESPONSE 200
[info] i  functions: Watching "C:\Users\AtomYah\Documents\Git\Angular_Projects\benzoinfojapan\functions" for Cloud Functions...
[debug] [2020-03-11T07:57:18.061Z] [worker-pool] addWorker(~diagnostic~)
[debug] [2020-03-11T07:57:18.061Z] [worker-pool] Adding worker with key ~diagnostic~, total=1
[debug] [2020-03-11T07:57:18.061Z] [worker-pool] submitWork(triggerId=)
[debug] [2020-03-11T07:57:18.063Z] [worker-~diagnostic~-1dd04502-e5eb-4012-ab80-f4eb615cbeff]: Assigning socketPath: \\?\pipe\C:\Users\AtomYah\Documents\Git\Angular_Projects\benzoinfojapan\functions\4812
[debug] [2020-03-11T07:57:18.064Z] [worker-~diagnostic~-1dd04502-e5eb-4012-ab80-f4eb615cbeff]: BUSY
[info] i  hosting: Serving hosting files from: dist/browser
[info] +  hosting: Local server: http://localhost:5000
[debug] [2020-03-11T07:57:19.179Z] [runtime-status] [4812] Functions runtime initialized. {"cwd":"C:\\Users\\AtomYah\\Documents\\Git\\Angular_Projects\\benzoinfojapan\\functions","node_version":"12.16.1"}
[debug] [2020-03-11T07:57:19.180Z] [runtime-status] [4812] Disabled runtime features: {"functions_config_helper":true,"network_filtering":true,"timeout":true,"memory_limiting":true,"admin_stubs":true,"pubsub_emulator":true}
[debug] [2020-03-11T07:57:19.188Z] [runtime-status] [4812] Resolved module firebase-admin {"declared":true,"installed":true,"version":"8.9.0","resolution":"C:\\Users\\AtomYah\\Documents\\Git\\Angular_Projects\\benzoinfojapan\\functions\\node_modules\\firebase-admin\\lib\\index.js"}
[debug] [2020-03-11T07:57:19.193Z] [runtime-status] [4812] Resolved module firebase-functions {"declared":true,"installed":true,"version":"3.3.0","resolution":"C:\\Users\\AtomYah\\Documents\\Git\\Angular_Projects\\benzoinfojapan\\functions\\node_modules\\firebase-functions\\lib\\index.js"}
[debug] [2020-03-11T07:57:19.195Z] [runtime-status] [4812] Resolved module firebase-functions {"declared":true,"installed":true,"version":"3.3.0","resolution":"C:\\Users\\AtomYah\\Documents\\Git\\Angular_Projects\\benzoinfojapan\\functions\\node_modules\\firebase-functions\\lib\\index.js"}
[warn] !  Error: Failed to load gRPC binary module because it was not installed for the current system
Expected directory: node-v72-win32-x64-unknown
Found: [node-v64-win32-x64-unknown]
This problem can often be fixed by running "npm rebuild" on the current system
Original error: Cannot find module 'C:\Users\AtomYah\Documents\Git\Angular_Projects\benzoinfojapan\functions\node_modules\grpc\src\node\extension_binary\node-v72-win32-x64-unknown\grpc_node.node'
Require stack:
- C:\Users\AtomYah\Documents\Git\Angular_Projects\benzoinfojapan\functions\node_modules\grpc\src\grpc_extension.js
- C:\Users\AtomYah\Documents\Git\Angular_Projects\benzoinfojapan\functions\node_modules\grpc\src\client_interceptors.js
- C:\Users\AtomYah\Documents\Git\Angular_Projects\benzoinfojapan\functions\node_modules\grpc\src\client.js
- C:\Users\AtomYah\Documents\Git\Angular_Projects\benzoinfojapan\functions\node_modules\grpc\index.js
- C:\Users\AtomYah\Documents\Git\Angular_Projects\benzoinfojapan\functions\node_modules\@firebase\firestore\dist\index.node.cjs.js
- C:\Users\AtomYah\Documents\Git\Angular_Projects\benzoinfojapan\functions\node_modules\firebase\firestore\dist\index.cjs.js
- C:\Users\AtomYah\Documents\Git\Angular_Projects\benzoinfojapan\functions\dist\server.js
- C:\Users\AtomYah\Documents\Git\Angular_Projects\benzoinfojapan\functions\lib\index.js
- C:\Users\AtomYah\AppData\Roaming\npm\node_modules\firebase-tools\lib\emulator\functionsEmulatorRuntime.js
    at Object.<anonymous> (C:\Users\AtomYah\Documents\Git\Angular_Projects\benzoinfojapan\functions\node_modules\grpc\src\grpc_extension.js:53:17)
    at Module._compile (internal/modules/cjs/loader.js:1158:30)
    at Object.Module._extensions..js (internal/modules/cjs/loader.js:1178:10)
    at Module.load (internal/modules/cjs/loader.js:1002:32)
    at Function.Module._load (internal/modules/cjs/loader.js:901:14)
    at Module.require (internal/modules/cjs/loader.js:1044:19)
    at require (internal/modules/cjs/helpers.js:77:18)
    at Object.<anonymous> (C:\Users\AtomYah\Documents\Git\Angular_Projects\benzoinfojapan\functions\node_modules\grpc\src\client_interceptors.js:144:12)
    at Module._compile (internal/modules/cjs/loader.js:1158:30)
    at Object.Module._extensions..js (internal/modules/cjs/loader.js:1178:10)
[warn] !  We were unable to load your functions code. (see above)
   - It appears your code is written in Typescript, which must be compiled before emulation.
   - You may be able to run "npm run build" in your functions directory to resolve this.
[debug] [2020-03-11T07:57:20.874Z] [worker-~diagnostic~-1dd04502-e5eb-4012-ab80-f4eb615cbeff]: exited
[debug] [2020-03-11T07:57:20.874Z] [worker-~diagnostic~-1dd04502-e5eb-4012-ab80-f4eb615cbeff]: FINISHED
